<?xml version="1.0" encoding="UTF-8"?>
<!-- Generated by org.testng.reporters.JUnitReportReporter -->
<testsuite hostname="DESKTOP-EPMI7CB" failures="0" tests="6" name="com.employeeapi.testCases.TC003_Post_Employee_Record" time="0.009" errors="0" timestamp="05 Nov 2019 01:19:34 GMT" skipped="0">
  <testcase classname="com.employeeapi.testCases.TC003_Post_Employee_Record" name="checkcontentEncoding" time="0.001"/>
  <testcase classname="com.employeeapi.testCases.TC003_Post_Employee_Record" name="checkResposeBody" time="0.003"/>
  <testcase classname="com.employeeapi.testCases.TC003_Post_Employee_Record" name="checkstatusLine" time="0.001"/>
  <testcase classname="com.employeeapi.testCases.TC003_Post_Employee_Record" name="checkStatusCode" time="0.001"/>
  <testcase classname="com.employeeapi.testCases.TC003_Post_Employee_Record" name="checkContentType" time="0.001"/>
  <testcase classname="com.employeeapi.testCases.TC003_Post_Employee_Record" name="checkserverType" time="0.002"/>
</testsuite> <!-- com.employeeapi.testCases.TC003_Post_Employee_Record -->
